[2020-12-06 15:20:11] app.ERROR: Data from PrestaShop Addons is invalid, and cannot fallback on cache.  {"exception":"cURL error 28: Operation timed out after 5000 milliseconds with 100501 bytes received"} []
[2020-12-06 15:20:13] app.INFO: Protect vendor folder in module contactform [] []
[2020-12-06 15:20:13] app.INFO: Module contactform has no vendor folder [] []
[2020-12-06 15:20:13] app.INFO: Protect vendor folder in module dashactivity [] []
[2020-12-06 15:20:13] app.INFO: Module dashactivity has no vendor folder [] []
[2020-12-06 15:20:13] app.INFO: Protect vendor folder in module dashgoals [] []
[2020-12-06 15:20:13] app.INFO: Module dashgoals has no vendor folder [] []
[2020-12-06 15:20:13] app.INFO: Protect vendor folder in module dashproducts [] []
[2020-12-06 15:20:13] app.INFO: Module dashproducts has no vendor folder [] []
[2020-12-06 15:20:13] app.INFO: Protect vendor folder in module dashtrends [] []
[2020-12-06 15:20:13] app.INFO: Module dashtrends has no vendor folder [] []
[2020-12-06 15:20:13] app.INFO: Protect vendor folder in module graphnvd3 [] []
[2020-12-06 15:20:13] app.INFO: Module graphnvd3 has no vendor folder [] []
[2020-12-06 15:20:13] app.INFO: Protect vendor folder in module gridhtml [] []
[2020-12-06 15:20:13] app.INFO: Module gridhtml has no vendor folder [] []
[2020-12-06 15:20:14] app.INFO: Protect vendor folder in module gsitemap [] []
[2020-12-06 15:20:14] app.INFO: Module gsitemap has no vendor folder [] []
[2020-12-06 15:20:14] app.INFO: Protect vendor folder in module pagesnotfound [] []
[2020-12-06 15:20:14] app.INFO: Module pagesnotfound has no vendor folder [] []
[2020-12-06 15:20:14] app.INFO: Protect vendor folder in module productcomments [] []
[2020-12-06 15:20:14] app.INFO: Module productcomments has no vendor folder [] []
[2020-12-06 15:20:14] app.INFO: Protect vendor folder in module ps_banner [] []
[2020-12-06 15:20:14] app.INFO: Module ps_banner has no vendor folder [] []
[2020-12-06 15:20:14] app.INFO: Protect vendor folder in module ps_categorytree [] []
[2020-12-06 15:20:14] app.INFO: Module ps_categorytree has no vendor folder [] []
[2020-12-06 15:20:14] app.INFO: Protect vendor folder in module ps_checkpayment [] []
[2020-12-06 15:20:14] app.INFO: Module ps_checkpayment has no vendor folder [] []
[2020-12-06 15:20:14] app.INFO: Protect vendor folder in module ps_contactinfo [] []
[2020-12-06 15:20:14] app.INFO: Module ps_contactinfo has no vendor folder [] []
[2020-12-06 15:20:15] app.INFO: Protect vendor folder in module ps_crossselling [] []
[2020-12-06 15:20:15] app.INFO: Module ps_crossselling has no vendor folder [] []
[2020-12-06 15:20:15] app.INFO: Protect vendor folder in module ps_currencyselector [] []
[2020-12-06 15:20:15] app.INFO: Module ps_currencyselector has no vendor folder [] []
[2020-12-06 15:20:15] app.INFO: Protect vendor folder in module ps_customeraccountlinks [] []
[2020-12-06 15:20:15] app.INFO: Module ps_customeraccountlinks has no vendor folder [] []
[2020-12-06 15:20:15] app.INFO: Protect vendor folder in module ps_customersignin [] []
[2020-12-06 15:20:15] app.INFO: Module ps_customersignin has no vendor folder [] []
[2020-12-06 15:20:15] app.INFO: Protect vendor folder in module ps_customtext [] []
[2020-12-06 15:20:15] app.INFO: Module ps_customtext has no vendor folder [] []
[2020-12-06 15:20:15] app.INFO: Protect vendor folder in module ps_dataprivacy [] []
[2020-12-06 15:20:15] app.INFO: Module ps_dataprivacy has no vendor folder [] []
[2020-12-06 15:20:15] app.INFO: Protect vendor folder in module ps_emailsubscription [] []
[2020-12-06 15:20:15] app.INFO: Module ps_emailsubscription has no vendor folder [] []
[2020-12-06 15:20:16] app.INFO: Protect vendor folder in module ps_facetedsearch [] []
[2020-12-06 15:20:16] app.INFO: Module ps_facetedsearch has no vendor folder [] []
[2020-12-06 15:20:16] app.INFO: Protect vendor folder in module ps_faviconnotificationbo [] []
[2020-12-06 15:20:16] app.INFO: Module ps_faviconnotificationbo has no vendor folder [] []
[2020-12-06 15:20:16] app.INFO: Protect vendor folder in module ps_featuredproducts [] []
[2020-12-06 15:20:16] app.INFO: Module ps_featuredproducts has no vendor folder [] []
[2020-12-06 15:20:17] app.INFO: Protect vendor folder in module ps_imageslider [] []
[2020-12-06 15:20:17] app.INFO: Module ps_imageslider has no vendor folder [] []
[2020-12-06 15:20:17] app.INFO: Protect vendor folder in module ps_languageselector [] []
[2020-12-06 15:20:17] app.INFO: Module ps_languageselector has no vendor folder [] []
[2020-12-06 15:20:17] app.INFO: Protect vendor folder in module ps_linklist [] []
[2020-12-06 15:20:17] app.INFO: Module ps_linklist has no vendor folder [] []
[2020-12-06 15:20:17] app.ERROR: Cannot register tab "AdminLinkWidget" because it already exists [] []
[2020-12-06 15:20:18] app.INFO: Protect vendor folder in module ps_mainmenu [] []
[2020-12-06 15:20:18] app.INFO: Module ps_mainmenu has no vendor folder [] []
[2020-12-06 15:20:18] app.INFO: Protect vendor folder in module ps_searchbar [] []
[2020-12-06 15:20:18] app.INFO: Module ps_searchbar has no vendor folder [] []
[2020-12-06 15:20:18] app.INFO: Protect vendor folder in module ps_sharebuttons [] []
[2020-12-06 15:20:18] app.INFO: Module ps_sharebuttons has no vendor folder [] []
[2020-12-06 15:20:18] app.INFO: Protect vendor folder in module ps_shoppingcart [] []
[2020-12-06 15:20:18] app.INFO: Module ps_shoppingcart has no vendor folder [] []
[2020-12-06 15:20:18] app.INFO: Protect vendor folder in module ps_socialfollow [] []
[2020-12-06 15:20:18] app.INFO: Module ps_socialfollow has no vendor folder [] []
[2020-12-06 15:20:18] app.INFO: Protect vendor folder in module ps_themecusto [] []
[2020-12-06 15:20:18] app.INFO: Module ps_themecusto has no vendor folder [] []
[2020-12-06 15:20:18] app.INFO: Protect vendor folder in module ps_wirepayment [] []
[2020-12-06 15:20:18] app.INFO: Module ps_wirepayment has no vendor folder [] []
[2020-12-06 15:20:18] app.INFO: Protect vendor folder in module sekeywords [] []
[2020-12-06 15:20:18] app.INFO: Module sekeywords has no vendor folder [] []
[2020-12-06 15:20:18] app.INFO: Protect vendor folder in module statsbestcategories [] []
[2020-12-06 15:20:18] app.INFO: Module statsbestcategories has no vendor folder [] []
[2020-12-06 15:20:18] app.INFO: Protect vendor folder in module statsbestcustomers [] []
[2020-12-06 15:20:18] app.INFO: Module statsbestcustomers has no vendor folder [] []
[2020-12-06 15:20:18] app.INFO: Protect vendor folder in module statsbestproducts [] []
[2020-12-06 15:20:18] app.INFO: Module statsbestproducts has no vendor folder [] []
[2020-12-06 15:20:18] app.INFO: Protect vendor folder in module statsbestsuppliers [] []
[2020-12-06 15:20:18] app.INFO: Module statsbestsuppliers has no vendor folder [] []
[2020-12-06 15:20:18] app.INFO: Protect vendor folder in module statsbestvouchers [] []
[2020-12-06 15:20:18] app.INFO: Module statsbestvouchers has no vendor folder [] []
[2020-12-06 15:20:18] app.INFO: Protect vendor folder in module statscarrier [] []
[2020-12-06 15:20:18] app.INFO: Module statscarrier has no vendor folder [] []
[2020-12-06 15:20:18] app.INFO: Protect vendor folder in module statscatalog [] []
[2020-12-06 15:20:18] app.INFO: Module statscatalog has no vendor folder [] []
[2020-12-06 15:20:19] app.INFO: Protect vendor folder in module statscheckup [] []
[2020-12-06 15:20:19] app.INFO: Module statscheckup has no vendor folder [] []
[2020-12-06 15:20:19] app.INFO: Protect vendor folder in module statsdata [] []
[2020-12-06 15:20:19] app.INFO: Module statsdata has no vendor folder [] []
[2020-12-06 15:20:19] app.INFO: Protect vendor folder in module statsequipment [] []
[2020-12-06 15:20:19] app.INFO: Module statsequipment has no vendor folder [] []
[2020-12-06 15:20:19] app.INFO: Protect vendor folder in module statsforecast [] []
[2020-12-06 15:20:19] app.INFO: Module statsforecast has no vendor folder [] []
[2020-12-06 15:20:19] app.INFO: Protect vendor folder in module statslive [] []
[2020-12-06 15:20:19] app.INFO: Module statslive has no vendor folder [] []
[2020-12-06 15:20:19] app.INFO: Protect vendor folder in module statsnewsletter [] []
[2020-12-06 15:20:19] app.INFO: Module statsnewsletter has no vendor folder [] []
[2020-12-06 15:20:19] app.INFO: Protect vendor folder in module statsorigin [] []
[2020-12-06 15:20:19] app.INFO: Module statsorigin has no vendor folder [] []
[2020-12-06 15:20:19] app.INFO: Protect vendor folder in module statspersonalinfos [] []
[2020-12-06 15:20:19] app.INFO: Module statspersonalinfos has no vendor folder [] []
[2020-12-06 15:20:19] app.INFO: Protect vendor folder in module statsproduct [] []
[2020-12-06 15:20:19] app.INFO: Module statsproduct has no vendor folder [] []
[2020-12-06 15:20:19] app.INFO: Protect vendor folder in module statsregistrations [] []
[2020-12-06 15:20:19] app.INFO: Module statsregistrations has no vendor folder [] []
[2020-12-06 15:20:19] app.INFO: Protect vendor folder in module statssales [] []
[2020-12-06 15:20:19] app.INFO: Module statssales has no vendor folder [] []
[2020-12-06 15:20:19] app.INFO: Protect vendor folder in module statssearch [] []
[2020-12-06 15:20:19] app.INFO: Module statssearch has no vendor folder [] []
[2020-12-06 15:20:19] app.INFO: Protect vendor folder in module statsstock [] []
[2020-12-06 15:20:19] app.INFO: Module statsstock has no vendor folder [] []
[2020-12-06 15:20:19] app.INFO: Protect vendor folder in module statsvisits [] []
[2020-12-06 15:20:19] app.INFO: Module statsvisits has no vendor folder [] []
[2020-12-06 15:20:19] app.INFO: Protect vendor folder in module welcome [] []
[2020-12-06 15:20:19] app.INFO: Module welcome has no vendor folder [] []
[2020-12-06 15:20:25] app.INFO: Exporting mail with theme modern for language tiếng Việt (Vietnamese) [] []
[2020-12-06 15:20:25] app.INFO: Core output folder: C:\xampp\htdocs\prestashop/mails [] []
[2020-12-06 15:20:25] app.INFO: Modules output folder: C:\xampp\htdocs\prestashop/modules/ [] []
[2020-12-06 15:23:29] app.ERROR: Data from PrestaShop Addons is invalid, and cannot fallback on cache.  {"exception":"cURL error 28: Operation timed out after 5000 milliseconds with 357300 bytes received"} []
[2020-12-06 15:23:29] app.INFO: Protect vendor folder in module psaddonsconnect [] []
[2020-12-06 15:23:30] app.INFO: Protect vendor folder in module psgdpr [] []
[2020-12-06 15:23:30] app.INFO: Protect vendor folder in module ps_mbo [] []
[2020-12-06 15:23:30] app.INFO: Protect vendor folder in module ps_buybuttonlite [] []
[2020-12-06 15:23:41] app.INFO: Exporting mail with theme modern for language tiếng Việt (Vietnamese) [] []
[2020-12-06 15:23:41] app.INFO: Core output folder: C:\xampp\htdocs\prestashop/mails [] []
[2020-12-06 15:23:41] app.INFO: Modules output folder: C:\xampp\htdocs\prestashop/modules/ [] []
[2020-12-06 15:24:24] app.ERROR: Data from PrestaShop Addons is invalid, and cannot fallback on cache.  {"exception":"cURL error 28: Operation timed out after 5000 milliseconds with 30005 bytes received"} []
[2020-12-06 15:24:25] app.INFO: Protect vendor folder in module blockreassurance [] []
[2020-12-06 15:24:25] app.INFO: Module blockreassurance has no vendor folder [] []
[2020-12-06 15:25:28] app.ERROR: Data from PrestaShop Addons is invalid, and cannot fallback on cache.  {"exception":"cURL error 28: Operation timed out after 5000 milliseconds with 579427 bytes received"} []
[2020-12-06 15:25:30] app.INFO: Protect vendor folder in module ps_facetedsearch [] []
[2020-12-06 15:25:30] app.INFO: Module ps_facetedsearch has no vendor folder [] []
[2020-12-06 15:31:50] request.INFO: Matched route "admin_product_form". {"route":"admin_product_form","route_parameters":{"_controller":"PrestaShopBundle\\Controller\\Admin\\ProductController::formAction","_legacy_controller":"AdminProducts","_legacy_param_mapper_class":"PrestaShop\\PrestaShop\\Adapter\\Product\\AdminProductDataProvider","_legacy_param_mapper_method":"mapLegacyParametersProductForm","id":"20","_route":"admin_product_form"},"request_uri":"http://localhost/prestashop/admin512cci02k/index.php/sell/catalog/products/20?_token=0smekatgLeVs6_CCuF23ThqPg32U4yI5ECcWzcbREH8","method":"GET"} []
[2020-12-06 15:31:50] security.DEBUG: Read existing security token from the session. {"key":"_security_main","token_class":"Symfony\\Component\\Security\\Core\\Authentication\\Token\\UsernamePasswordToken"} []
[2020-12-06 15:31:50] security.DEBUG: User was reloaded from a user provider. {"provider":"PrestaShopBundle\\Security\\Admin\\EmployeeProvider","username":"taitatsang@gmail.com"} []
[2020-12-06 15:32:01] app.ERROR: Data from PrestaShop Addons is invalid, and cannot fallback on cache.  {"exception":"cURL error 28: Operation timed out after 5000 milliseconds with 282620 bytes received"} []
[2020-12-06 15:32:03] security.DEBUG: Stored the security token in the session. {"key":"_security_main"} []
[2020-12-06 15:34:23] request.INFO: Matched route "admin_product_form". {"route":"admin_product_form","route_parameters":{"_controller":"PrestaShopBundle\\Controller\\Admin\\ProductController::formAction","_legacy_controller":"AdminProducts","_legacy_param_mapper_class":"PrestaShop\\PrestaShop\\Adapter\\Product\\AdminProductDataProvider","_legacy_param_mapper_method":"mapLegacyParametersProductForm","id":"20","_route":"admin_product_form"},"request_uri":"http://localhost/prestashop/admin512cci02k/index.php/sell/catalog/products/20?_token=0smekatgLeVs6_CCuF23ThqPg32U4yI5ECcWzcbREH8","method":"GET"} []
[2020-12-06 15:34:23] security.DEBUG: Read existing security token from the session. {"key":"_security_main","token_class":"Symfony\\Component\\Security\\Core\\Authentication\\Token\\UsernamePasswordToken"} []
[2020-12-06 15:34:23] security.DEBUG: User was reloaded from a user provider. {"provider":"PrestaShopBundle\\Security\\Admin\\EmployeeProvider","username":"taitatsang@gmail.com"} []
[2020-12-06 15:34:28] app.ERROR: The addon with id 29992 does not have name. [] []
[2020-12-06 15:34:29] security.DEBUG: Stored the security token in the session. {"key":"_security_main"} []
[2020-12-06 15:37:59] request.INFO: Matched route "admin_module_catalog_refresh". {"route":"admin_module_catalog_refresh","route_parameters":{"category":null,"keyword":null,"_controller":"PrestaShopBundle\\Controller\\Admin\\Improve\\ModuleController::refreshCatalogAction","_legacy_controller":"AdminModulesCatalog","_legacy_link":"AdminModulesCatalog:refresh","_route":"admin_module_catalog_refresh"},"request_uri":"http://localhost/prestashop/admin512cci02k/index.php/improve/modules/catalog/refresh?_token=0smekatgLeVs6_CCuF23ThqPg32U4yI5ECcWzcbREH8","method":"GET"} []
[2020-12-06 15:38:00] security.DEBUG: Read existing security token from the session. {"key":"_security_main","token_class":"Symfony\\Component\\Security\\Core\\Authentication\\Token\\UsernamePasswordToken"} []
[2020-12-06 15:38:00] security.DEBUG: User was reloaded from a user provider. {"provider":"PrestaShopBundle\\Security\\Admin\\EmployeeProvider","username":"taitatsang@gmail.com"} []
[2020-12-06 15:38:00] app.ERROR: The addon with id 29992 does not have name. [] []
[2020-12-06 15:38:03] app.ERROR: Data from PrestaShop Addons is invalid, and cannot fallback on cache.  {"exception":"Client error response [url] https://api-addons.prestashop.com?format=json&iso_lang=vi&iso_code=VN&version=1.7.7.0&shop_url=http%3A%2F%2Flocalhost&method=listing&action=customer&username=taitatsang%40gmail.com&password=Sangdtdt96 [status code] 400 [reason phrase] Bad Request"} []
[2020-12-06 15:38:03] security.DEBUG: Stored the security token in the session. {"key":"_security_main"} []
[2020-12-06 15:37:59] request.INFO: Matched route "admin_module_notification_count". {"route":"admin_module_notification_count","route_parameters":{"_controller":"PrestaShopBundle\\Controller\\Admin\\Improve\\Modules\\AlertsController::notificationsCountAction","_legacy_controller":"AdminModulesNotifications","_legacy_link":"AdminModulesNotifications:count","_route":"admin_module_notification_count"},"request_uri":"http://localhost/prestashop/admin512cci02k/index.php/improve/modules/alerts/count?_token=0smekatgLeVs6_CCuF23ThqPg32U4yI5ECcWzcbREH8","method":"GET"} []
[2020-12-06 15:38:03] security.DEBUG: Read existing security token from the session. {"key":"_security_main","token_class":"Symfony\\Component\\Security\\Core\\Authentication\\Token\\UsernamePasswordToken"} []
[2020-12-06 15:38:03] security.DEBUG: User was reloaded from a user provider. {"provider":"PrestaShopBundle\\Security\\Admin\\EmployeeProvider","username":"taitatsang@gmail.com"} []
[2020-12-06 15:38:03] app.ERROR: The addon with id 29992 does not have name. [] []
[2020-12-06 15:38:03] app.ERROR: Data from PrestaShop Addons is invalid, and cannot fallback on cache.  {"exception":"Client error response [url] https://api-addons.prestashop.com?format=json&iso_lang=vi&iso_code=VN&version=1.7.7.0&shop_url=http%3A%2F%2Flocalhost&method=listing&action=customer&username=taitatsang%40gmail.com&password=Sangdtdt96 [status code] 400 [reason phrase] Bad Request"} []
[2020-12-06 15:38:04] security.DEBUG: Stored the security token in the session. {"key":"_security_main"} []
[2020-12-06 15:38:08] request.INFO: Matched route "admin_module_manage_action". {"route":"admin_module_manage_action","route_parameters":{"_controller":"PrestaShopBundle\\Controller\\Admin\\Improve\\ModuleController::moduleAction","action":"install","module_name":"statsbestmanufacturers","_route":"admin_module_manage_action"},"request_uri":"http://localhost/prestashop/admin512cci02k/index.php/improve/modules/manage/action/install/statsbestmanufacturers?_token=0smekatgLeVs6_CCuF23ThqPg32U4yI5ECcWzcbREH8","method":"POST"} []
[2020-12-06 15:38:08] security.DEBUG: Read existing security token from the session. {"key":"_security_main","token_class":"Symfony\\Component\\Security\\Core\\Authentication\\Token\\UsernamePasswordToken"} []
[2020-12-06 15:38:08] security.DEBUG: User was reloaded from a user provider. {"provider":"PrestaShopBundle\\Security\\Admin\\EmployeeProvider","username":"taitatsang@gmail.com"} []
[2020-12-06 15:38:08] app.ERROR: The addon with id 29992 does not have name. [] []
[2020-12-06 15:38:08] app.ERROR: Data from PrestaShop Addons is invalid, and cannot fallback on cache.  {"exception":"Client error response [url] https://api-addons.prestashop.com?format=json&iso_lang=vi&iso_code=VN&version=1.7.7.0&shop_url=http%3A%2F%2Flocalhost&method=listing&action=customer&username=taitatsang%40gmail.com&password=Sangdtdt96 [status code] 400 [reason phrase] Bad Request"} []
[2020-12-06 15:38:08] app.INFO: Protect vendor folder in module statsbestmanufacturers [] []
[2020-12-06 15:38:08] app.INFO: Module statsbestmanufacturers has no vendor folder [] []
[2020-12-06 15:38:08] security.DEBUG: Stored the security token in the session. {"key":"_security_main"} []
[2020-12-06 15:39:30] request.INFO: Matched route "admin_product_form". {"route":"admin_product_form","route_parameters":{"_controller":"PrestaShopBundle\\Controller\\Admin\\ProductController::formAction","_legacy_controller":"AdminProducts","_legacy_param_mapper_class":"PrestaShop\\PrestaShop\\Adapter\\Product\\AdminProductDataProvider","_legacy_param_mapper_method":"mapLegacyParametersProductForm","id":"20","_route":"admin_product_form"},"request_uri":"http://localhost/prestashop/admin512cci02k/index.php/sell/catalog/products/20?_token=0smekatgLeVs6_CCuF23ThqPg32U4yI5ECcWzcbREH8","method":"GET"} []
[2020-12-06 15:39:31] security.DEBUG: Read existing security token from the session. {"key":"_security_main","token_class":"Symfony\\Component\\Security\\Core\\Authentication\\Token\\UsernamePasswordToken"} []
[2020-12-06 15:39:31] security.DEBUG: User was reloaded from a user provider. {"provider":"PrestaShopBundle\\Security\\Admin\\EmployeeProvider","username":"taitatsang@gmail.com"} []
[2020-12-06 15:39:35] app.ERROR: The addon with id 29992 does not have name. [] []
[2020-12-06 15:39:38] app.ERROR: Data from PrestaShop Addons is invalid, and cannot fallback on cache.  {"exception":"Client error response [url] https://api-addons.prestashop.com?format=json&iso_lang=vi&iso_code=VN&version=1.7.7.0&shop_url=http%3A%2F%2Flocalhost&method=listing&action=customer&username=taitatsang%40gmail.com&password=Sangdtdt96 [status code] 400 [reason phrase] Bad Request"} []
[2020-12-06 15:39:39] security.DEBUG: Stored the security token in the session. {"key":"_security_main"} []
[2020-12-06 15:44:05] request.INFO: Matched route "admin_product_form". {"route":"admin_product_form","route_parameters":{"_controller":"PrestaShopBundle\\Controller\\Admin\\ProductController::formAction","_legacy_controller":"AdminProducts","_legacy_param_mapper_class":"PrestaShop\\PrestaShop\\Adapter\\Product\\AdminProductDataProvider","_legacy_param_mapper_method":"mapLegacyParametersProductForm","id":"21","_route":"admin_product_form"},"request_uri":"http://localhost/prestashop/admin512cci02k/index.php/sell/catalog/products/21?_token=0smekatgLeVs6_CCuF23ThqPg32U4yI5ECcWzcbREH8","method":"GET"} []
[2020-12-06 15:44:05] security.DEBUG: Read existing security token from the session. {"key":"_security_main","token_class":"Symfony\\Component\\Security\\Core\\Authentication\\Token\\UsernamePasswordToken"} []
[2020-12-06 15:44:05] security.DEBUG: User was reloaded from a user provider. {"provider":"PrestaShopBundle\\Security\\Admin\\EmployeeProvider","username":"taitatsang@gmail.com"} []
[2020-12-06 15:44:06] app.ERROR: The addon with id 29992 does not have name. [] []
[2020-12-06 15:44:06] app.ERROR: Data from PrestaShop Addons is invalid, and cannot fallback on cache.  {"exception":"Client error response [url] https://api-addons.prestashop.com?format=json&iso_lang=vi&iso_code=VN&version=1.7.7.0&shop_url=http%3A%2F%2Flocalhost&method=listing&action=customer&username=taitatsang%40gmail.com&password=Sangdtdt96 [status code] 400 [reason phrase] Bad Request"} []
[2020-12-06 15:44:06] security.DEBUG: Stored the security token in the session. {"key":"_security_main"} []
[2020-12-06 15:45:37] request.INFO: Matched route "admin_product_form". {"route":"admin_product_form","route_parameters":{"_controller":"PrestaShopBundle\\Controller\\Admin\\ProductController::formAction","_legacy_controller":"AdminProducts","_legacy_param_mapper_class":"PrestaShop\\PrestaShop\\Adapter\\Product\\AdminProductDataProvider","_legacy_param_mapper_method":"mapLegacyParametersProductForm","id":"22","_route":"admin_product_form"},"request_uri":"http://localhost/prestashop/admin512cci02k/index.php/sell/catalog/products/22?_token=0smekatgLeVs6_CCuF23ThqPg32U4yI5ECcWzcbREH8","method":"GET"} []
[2020-12-06 15:45:37] security.DEBUG: Read existing security token from the session. {"key":"_security_main","token_class":"Symfony\\Component\\Security\\Core\\Authentication\\Token\\UsernamePasswordToken"} []
[2020-12-06 15:45:37] security.DEBUG: User was reloaded from a user provider. {"provider":"PrestaShopBundle\\Security\\Admin\\EmployeeProvider","username":"taitatsang@gmail.com"} []
[2020-12-06 15:45:38] app.ERROR: The addon with id 29992 does not have name. [] []
[2020-12-06 15:45:38] app.ERROR: Data from PrestaShop Addons is invalid, and cannot fallback on cache.  {"exception":"Client error response [url] https://api-addons.prestashop.com?format=json&iso_lang=vi&iso_code=VN&version=1.7.7.0&shop_url=http%3A%2F%2Flocalhost&method=listing&action=customer&username=taitatsang%40gmail.com&password=Sangdtdt96 [status code] 400 [reason phrase] Bad Request"} []
[2020-12-06 15:45:38] security.DEBUG: Stored the security token in the session. {"key":"_security_main"} []
[2020-12-06 16:00:18] request.INFO: Matched route "admin_module_manage". {"route":"admin_module_manage","route_parameters":{"category":null,"keyword":null,"_controller":"PrestaShopBundle\\Controller\\Admin\\Improve\\ModuleController::manageAction","_legacy_controller":"AdminModulesManage","_legacy_link":["AdminModulesManage","AdminModulesSf"],"_route":"admin_module_manage"},"request_uri":"http://localhost/prestashop/admin512cci02k/index.php/improve/modules/manage?_token=0smekatgLeVs6_CCuF23ThqPg32U4yI5ECcWzcbREH8","method":"GET"} []
[2020-12-06 16:00:18] security.DEBUG: Read existing security token from the session. {"key":"_security_main","token_class":"Symfony\\Component\\Security\\Core\\Authentication\\Token\\UsernamePasswordToken"} []
[2020-12-06 16:00:18] security.DEBUG: User was reloaded from a user provider. {"provider":"PrestaShopBundle\\Security\\Admin\\EmployeeProvider","username":"taitatsang@gmail.com"} []
[2020-12-06 16:00:18] app.ERROR: The addon with id 29992 does not have name. [] []
[2020-12-06 16:00:18] app.ERROR: Data from PrestaShop Addons is invalid, and cannot fallback on cache.  {"exception":"Client error response [url] https://api-addons.prestashop.com?format=json&iso_lang=vi&iso_code=VN&version=1.7.7.0&shop_url=http%3A%2F%2Flocalhost&method=listing&action=customer&username=taitatsang%40gmail.com&password=Sangdtdt96 [status code] 400 [reason phrase] Bad Request"} []
[2020-12-06 16:00:19] security.DEBUG: Stored the security token in the session. {"key":"_security_main"} []
[2020-12-06 16:00:21] request.INFO: Matched route "admin_module_notification_count". {"route":"admin_module_notification_count","route_parameters":{"_controller":"PrestaShopBundle\\Controller\\Admin\\Improve\\Modules\\AlertsController::notificationsCountAction","_legacy_controller":"AdminModulesNotifications","_legacy_link":"AdminModulesNotifications:count","_route":"admin_module_notification_count"},"request_uri":"http://localhost/prestashop/admin512cci02k/index.php/improve/modules/alerts/count?_token=0smekatgLeVs6_CCuF23ThqPg32U4yI5ECcWzcbREH8","method":"GET"} []
[2020-12-06 16:00:21] security.DEBUG: Read existing security token from the session. {"key":"_security_main","token_class":"Symfony\\Component\\Security\\Core\\Authentication\\Token\\UsernamePasswordToken"} []
[2020-12-06 16:00:21] security.DEBUG: User was reloaded from a user provider. {"provider":"PrestaShopBundle\\Security\\Admin\\EmployeeProvider","username":"taitatsang@gmail.com"} []
[2020-12-06 16:00:22] app.ERROR: The addon with id 29992 does not have name. [] []
[2020-12-06 16:00:22] app.ERROR: Data from PrestaShop Addons is invalid, and cannot fallback on cache.  {"exception":"Client error response [url] https://api-addons.prestashop.com?format=json&iso_lang=vi&iso_code=VN&version=1.7.7.0&shop_url=http%3A%2F%2Flocalhost&method=listing&action=customer&username=taitatsang%40gmail.com&password=Sangdtdt96 [status code] 400 [reason phrase] Bad Request"} []
[2020-12-06 16:00:22] security.DEBUG: Stored the security token in the session. {"key":"_security_main"} []
[2020-12-06 16:00:23] request.INFO: Matched route "admin_module_manage". {"route":"admin_module_manage","route_parameters":{"category":null,"keyword":null,"_controller":"PrestaShopBundle\\Controller\\Admin\\Improve\\ModuleController::manageAction","_legacy_controller":"AdminModulesManage","_legacy_link":["AdminModulesManage","AdminModulesSf"],"_route":"admin_module_manage"},"request_uri":"http://localhost/prestashop/admin512cci02k/index.php/improve/modules/manage?_token=0smekatgLeVs6_CCuF23ThqPg32U4yI5ECcWzcbREH8","method":"GET"} []
[2020-12-06 16:00:23] security.DEBUG: Read existing security token from the session. {"key":"_security_main","token_class":"Symfony\\Component\\Security\\Core\\Authentication\\Token\\UsernamePasswordToken"} []
[2020-12-06 16:00:23] security.DEBUG: User was reloaded from a user provider. {"provider":"PrestaShopBundle\\Security\\Admin\\EmployeeProvider","username":"taitatsang@gmail.com"} []
[2020-12-06 16:00:24] app.ERROR: The addon with id 29992 does not have name. [] []
[2020-12-06 16:00:24] app.ERROR: Data from PrestaShop Addons is invalid, and cannot fallback on cache.  {"exception":"Client error response [url] https://api-addons.prestashop.com?format=json&iso_lang=vi&iso_code=VN&version=1.7.7.0&shop_url=http%3A%2F%2Flocalhost&method=listing&action=customer&username=taitatsang%40gmail.com&password=Sangdtdt96 [status code] 400 [reason phrase] Bad Request"} []
[2020-12-06 16:00:24] security.DEBUG: Stored the security token in the session. {"key":"_security_main"} []
[2020-12-06 16:00:26] request.INFO: Matched route "admin_module_notification_count". {"route":"admin_module_notification_count","route_parameters":{"_controller":"PrestaShopBundle\\Controller\\Admin\\Improve\\Modules\\AlertsController::notificationsCountAction","_legacy_controller":"AdminModulesNotifications","_legacy_link":"AdminModulesNotifications:count","_route":"admin_module_notification_count"},"request_uri":"http://localhost/prestashop/admin512cci02k/index.php/improve/modules/alerts/count?_token=0smekatgLeVs6_CCuF23ThqPg32U4yI5ECcWzcbREH8","method":"GET"} []
[2020-12-06 16:00:26] security.DEBUG: Read existing security token from the session. {"key":"_security_main","token_class":"Symfony\\Component\\Security\\Core\\Authentication\\Token\\UsernamePasswordToken"} []
[2020-12-06 16:00:26] security.DEBUG: User was reloaded from a user provider. {"provider":"PrestaShopBundle\\Security\\Admin\\EmployeeProvider","username":"taitatsang@gmail.com"} []
[2020-12-06 16:00:26] app.ERROR: The addon with id 29992 does not have name. [] []
[2020-12-06 16:00:26] app.ERROR: Data from PrestaShop Addons is invalid, and cannot fallback on cache.  {"exception":"Client error response [url] https://api-addons.prestashop.com?format=json&iso_lang=vi&iso_code=VN&version=1.7.7.0&shop_url=http%3A%2F%2Flocalhost&method=listing&action=customer&username=taitatsang%40gmail.com&password=Sangdtdt96 [status code] 400 [reason phrase] Bad Request"} []
[2020-12-06 16:00:26] security.DEBUG: Stored the security token in the session. {"key":"_security_main"} []
[2020-12-06 16:00:28] request.INFO: Matched route "admin_module_catalog_refresh". {"route":"admin_module_catalog_refresh","route_parameters":{"category":null,"keyword":null,"_controller":"PrestaShopBundle\\Controller\\Admin\\Improve\\ModuleController::refreshCatalogAction","_legacy_controller":"AdminModulesCatalog","_legacy_link":"AdminModulesCatalog:refresh","_route":"admin_module_catalog_refresh"},"request_uri":"http://localhost/prestashop/admin512cci02k/index.php/improve/modules/catalog/refresh?_token=0smekatgLeVs6_CCuF23ThqPg32U4yI5ECcWzcbREH8","method":"GET"} []
[2020-12-06 16:00:28] security.DEBUG: Read existing security token from the session. {"key":"_security_main","token_class":"Symfony\\Component\\Security\\Core\\Authentication\\Token\\UsernamePasswordToken"} []
[2020-12-06 16:00:28] security.DEBUG: User was reloaded from a user provider. {"provider":"PrestaShopBundle\\Security\\Admin\\EmployeeProvider","username":"taitatsang@gmail.com"} []
[2020-12-06 16:00:29] app.ERROR: The addon with id 29992 does not have name. [] []
[2020-12-06 16:00:29] app.ERROR: Data from PrestaShop Addons is invalid, and cannot fallback on cache.  {"exception":"Client error response [url] https://api-addons.prestashop.com?format=json&iso_lang=vi&iso_code=VN&version=1.7.7.0&shop_url=http%3A%2F%2Flocalhost&method=listing&action=customer&username=taitatsang%40gmail.com&password=Sangdtdt96 [status code] 400 [reason phrase] Bad Request"} []
[2020-12-06 16:00:29] security.DEBUG: Stored the security token in the session. {"key":"_security_main"} []
[2020-12-06 16:00:28] request.INFO: Matched route "admin_module_notification_count". {"route":"admin_module_notification_count","route_parameters":{"_controller":"PrestaShopBundle\\Controller\\Admin\\Improve\\Modules\\AlertsController::notificationsCountAction","_legacy_controller":"AdminModulesNotifications","_legacy_link":"AdminModulesNotifications:count","_route":"admin_module_notification_count"},"request_uri":"http://localhost/prestashop/admin512cci02k/index.php/improve/modules/alerts/count?_token=0smekatgLeVs6_CCuF23ThqPg32U4yI5ECcWzcbREH8","method":"GET"} []
[2020-12-06 16:00:30] security.DEBUG: Read existing security token from the session. {"key":"_security_main","token_class":"Symfony\\Component\\Security\\Core\\Authentication\\Token\\UsernamePasswordToken"} []
[2020-12-06 16:00:30] security.DEBUG: User was reloaded from a user provider. {"provider":"PrestaShopBundle\\Security\\Admin\\EmployeeProvider","username":"taitatsang@gmail.com"} []
[2020-12-06 16:00:30] app.ERROR: The addon with id 29992 does not have name. [] []
[2020-12-06 16:00:30] app.ERROR: Data from PrestaShop Addons is invalid, and cannot fallback on cache.  {"exception":"Client error response [url] https://api-addons.prestashop.com?format=json&iso_lang=vi&iso_code=VN&version=1.7.7.0&shop_url=http%3A%2F%2Flocalhost&method=listing&action=customer&username=taitatsang%40gmail.com&password=Sangdtdt96 [status code] 400 [reason phrase] Bad Request"} []
[2020-12-06 16:00:30] security.DEBUG: Stored the security token in the session. {"key":"_security_main"} []
[2020-12-06 16:00:35] request.INFO: Matched route "admin_module_manage_action". {"route":"admin_module_manage_action","route_parameters":{"_controller":"PrestaShopBundle\\Controller\\Admin\\Improve\\ModuleController::moduleAction","action":"install","module_name":"ps_newproducts","_route":"admin_module_manage_action"},"request_uri":"http://localhost/prestashop/admin512cci02k/index.php/improve/modules/manage/action/install/ps_newproducts?_token=0smekatgLeVs6_CCuF23ThqPg32U4yI5ECcWzcbREH8","method":"POST"} []
[2020-12-06 16:00:35] security.DEBUG: Read existing security token from the session. {"key":"_security_main","token_class":"Symfony\\Component\\Security\\Core\\Authentication\\Token\\UsernamePasswordToken"} []
[2020-12-06 16:00:35] security.DEBUG: User was reloaded from a user provider. {"provider":"PrestaShopBundle\\Security\\Admin\\EmployeeProvider","username":"taitatsang@gmail.com"} []
[2020-12-06 16:00:35] app.ERROR: The addon with id 29992 does not have name. [] []
[2020-12-06 16:00:35] app.ERROR: Data from PrestaShop Addons is invalid, and cannot fallback on cache.  {"exception":"Client error response [url] https://api-addons.prestashop.com?format=json&iso_lang=vi&iso_code=VN&version=1.7.7.0&shop_url=http%3A%2F%2Flocalhost&method=listing&action=customer&username=taitatsang%40gmail.com&password=Sangdtdt96 [status code] 400 [reason phrase] Bad Request"} []
[2020-12-06 16:00:36] app.INFO: Protect vendor folder in module ps_newproducts [] []
[2020-12-06 16:00:36] security.DEBUG: Stored the security token in the session. {"key":"_security_main"} []
[2020-12-06 16:10:20] request.INFO: Matched route "admin_module_catalog_refresh". {"route":"admin_module_catalog_refresh","route_parameters":{"category":null,"keyword":null,"_controller":"PrestaShopBundle\\Controller\\Admin\\Improve\\ModuleController::refreshCatalogAction","_legacy_controller":"AdminModulesCatalog","_legacy_link":"AdminModulesCatalog:refresh","_route":"admin_module_catalog_refresh"},"request_uri":"http://localhost/prestashop/admin512cci02k/index.php/improve/modules/catalog/refresh?_token=0smekatgLeVs6_CCuF23ThqPg32U4yI5ECcWzcbREH8","method":"GET"} []
[2020-12-06 16:10:21] security.DEBUG: Read existing security token from the session. {"key":"_security_main","token_class":"Symfony\\Component\\Security\\Core\\Authentication\\Token\\UsernamePasswordToken"} []
[2020-12-06 16:10:21] security.DEBUG: User was reloaded from a user provider. {"provider":"PrestaShopBundle\\Security\\Admin\\EmployeeProvider","username":"taitatsang@gmail.com"} []
[2020-12-06 16:10:26] app.ERROR: The addon with id 29992 does not have name. [] []
[2020-12-06 16:10:28] app.ERROR: Data from PrestaShop Addons is invalid, and cannot fallback on cache.  {"exception":"Client error response [url] https://api-addons.prestashop.com?format=json&iso_lang=vi&iso_code=VN&version=1.7.7.0&shop_url=http%3A%2F%2Flocalhost&method=listing&action=customer&username=taitatsang%40gmail.com&password=Sangdtdt96 [status code] 400 [reason phrase] Bad Request"} []
[2020-12-06 16:10:28] security.DEBUG: Stored the security token in the session. {"key":"_security_main"} []
[2020-12-06 16:10:20] request.INFO: Matched route "admin_module_notification_count". {"route":"admin_module_notification_count","route_parameters":{"_controller":"PrestaShopBundle\\Controller\\Admin\\Improve\\Modules\\AlertsController::notificationsCountAction","_legacy_controller":"AdminModulesNotifications","_legacy_link":"AdminModulesNotifications:count","_route":"admin_module_notification_count"},"request_uri":"http://localhost/prestashop/admin512cci02k/index.php/improve/modules/alerts/count?_token=0smekatgLeVs6_CCuF23ThqPg32U4yI5ECcWzcbREH8","method":"GET"} []
[2020-12-06 16:10:29] security.DEBUG: Read existing security token from the session. {"key":"_security_main","token_class":"Symfony\\Component\\Security\\Core\\Authentication\\Token\\UsernamePasswordToken"} []
[2020-12-06 16:10:29] security.DEBUG: User was reloaded from a user provider. {"provider":"PrestaShopBundle\\Security\\Admin\\EmployeeProvider","username":"taitatsang@gmail.com"} []
[2020-12-06 16:10:29] app.ERROR: The addon with id 29992 does not have name. [] []
[2020-12-06 16:10:29] app.ERROR: Data from PrestaShop Addons is invalid, and cannot fallback on cache.  {"exception":"Client error response [url] https://api-addons.prestashop.com?format=json&iso_lang=vi&iso_code=VN&version=1.7.7.0&shop_url=http%3A%2F%2Flocalhost&method=listing&action=customer&username=taitatsang%40gmail.com&password=Sangdtdt96 [status code] 400 [reason phrase] Bad Request"} []
[2020-12-06 16:10:29] security.DEBUG: Stored the security token in the session. {"key":"_security_main"} []
[2020-12-06 16:10:33] request.INFO: Matched route "admin_module_manage_action". {"route":"admin_module_manage_action","route_parameters":{"_controller":"PrestaShopBundle\\Controller\\Admin\\Improve\\ModuleController::moduleAction","action":"install","module_name":"ps_viewedproduct","_route":"admin_module_manage_action"},"request_uri":"http://localhost/prestashop/admin512cci02k/index.php/improve/modules/manage/action/install/ps_viewedproduct?_token=0smekatgLeVs6_CCuF23ThqPg32U4yI5ECcWzcbREH8","method":"POST"} []
[2020-12-06 16:10:33] security.DEBUG: Read existing security token from the session. {"key":"_security_main","token_class":"Symfony\\Component\\Security\\Core\\Authentication\\Token\\UsernamePasswordToken"} []
[2020-12-06 16:10:33] security.DEBUG: User was reloaded from a user provider. {"provider":"PrestaShopBundle\\Security\\Admin\\EmployeeProvider","username":"taitatsang@gmail.com"} []
[2020-12-06 16:10:33] app.ERROR: The addon with id 29992 does not have name. [] []
[2020-12-06 16:10:33] app.ERROR: Data from PrestaShop Addons is invalid, and cannot fallback on cache.  {"exception":"Client error response [url] https://api-addons.prestashop.com?format=json&iso_lang=vi&iso_code=VN&version=1.7.7.0&shop_url=http%3A%2F%2Flocalhost&method=listing&action=customer&username=taitatsang%40gmail.com&password=Sangdtdt96 [status code] 400 [reason phrase] Bad Request"} []
[2020-12-06 16:10:33] app.INFO: Protect vendor folder in module ps_viewedproduct [] []
[2020-12-06 16:10:34] security.DEBUG: Stored the security token in the session. {"key":"_security_main"} []
[2020-12-06 16:11:15] request.INFO: Matched route "admin_module_manage_action". {"route":"admin_module_manage_action","route_parameters":{"_controller":"PrestaShopBundle\\Controller\\Admin\\Improve\\ModuleController::moduleAction","action":"install","module_name":"ps_bestsellers","_route":"admin_module_manage_action"},"request_uri":"http://localhost/prestashop/admin512cci02k/index.php/improve/modules/manage/action/install/ps_bestsellers?_token=0smekatgLeVs6_CCuF23ThqPg32U4yI5ECcWzcbREH8","method":"POST"} []
[2020-12-06 16:11:15] security.DEBUG: Read existing security token from the session. {"key":"_security_main","token_class":"Symfony\\Component\\Security\\Core\\Authentication\\Token\\UsernamePasswordToken"} []
[2020-12-06 16:11:15] security.DEBUG: User was reloaded from a user provider. {"provider":"PrestaShopBundle\\Security\\Admin\\EmployeeProvider","username":"taitatsang@gmail.com"} []
[2020-12-06 16:11:19] app.ERROR: The addon with id 29992 does not have name. [] []
[2020-12-06 16:11:22] app.ERROR: Data from PrestaShop Addons is invalid, and cannot fallback on cache.  {"exception":"Client error response [url] https://api-addons.prestashop.com?format=json&iso_lang=vi&iso_code=VN&version=1.7.7.0&shop_url=http%3A%2F%2Flocalhost&method=listing&action=customer&username=taitatsang%40gmail.com&password=Sangdtdt96 [status code] 400 [reason phrase] Bad Request"} []
[2020-12-06 16:11:22] app.INFO: Protect vendor folder in module ps_bestsellers [] []
[2020-12-06 16:11:22] security.DEBUG: Stored the security token in the session. {"key":"_security_main"} []
[2020-12-06 16:12:00] request.INFO: Matched route "admin_module_manage_action". {"route":"admin_module_manage_action","route_parameters":{"_controller":"PrestaShopBundle\\Controller\\Admin\\Improve\\ModuleController::moduleAction","action":"install","module_name":"ps_categoryproducts","_route":"admin_module_manage_action"},"request_uri":"http://localhost/prestashop/admin512cci02k/index.php/improve/modules/manage/action/install/ps_categoryproducts?_token=0smekatgLeVs6_CCuF23ThqPg32U4yI5ECcWzcbREH8","method":"POST"} []
[2020-12-06 16:12:00] security.DEBUG: Read existing security token from the session. {"key":"_security_main","token_class":"Symfony\\Component\\Security\\Core\\Authentication\\Token\\UsernamePasswordToken"} []
[2020-12-06 16:12:00] security.DEBUG: User was reloaded from a user provider. {"provider":"PrestaShopBundle\\Security\\Admin\\EmployeeProvider","username":"taitatsang@gmail.com"} []
[2020-12-06 16:12:05] app.ERROR: Data from PrestaShop Addons is invalid, and cannot fallback on cache.  {"exception":"cURL error 28: Operation timed out after 5000 milliseconds with 466187 bytes received"} []
[2020-12-06 16:12:05] app.INFO: Protect vendor folder in module ps_categoryproducts [] []
[2020-12-06 16:12:05] security.DEBUG: Stored the security token in the session. {"key":"_security_main"} []
[2020-12-06 16:18:56] request.INFO: Matched route "admin_module_manage". {"route":"admin_module_manage","route_parameters":{"category":null,"keyword":null,"_controller":"PrestaShopBundle\\Controller\\Admin\\Improve\\ModuleController::manageAction","_legacy_controller":"AdminModulesManage","_legacy_link":["AdminModulesManage","AdminModulesSf"],"_route":"admin_module_manage"},"request_uri":"http://localhost/prestashop/admin512cci02k/index.php/improve/modules/manage?_token=0smekatgLeVs6_CCuF23ThqPg32U4yI5ECcWzcbREH8","method":"GET"} []
[2020-12-06 16:18:56] security.DEBUG: Read existing security token from the session. {"key":"_security_main","token_class":"Symfony\\Component\\Security\\Core\\Authentication\\Token\\UsernamePasswordToken"} []
[2020-12-06 16:18:56] security.DEBUG: User was reloaded from a user provider. {"provider":"PrestaShopBundle\\Security\\Admin\\EmployeeProvider","username":"taitatsang@gmail.com"} []
[2020-12-06 16:18:59] app.ERROR: The addon with id 29992 does not have name. [] []
[2020-12-06 16:19:01] app.ERROR: Data from PrestaShop Addons is invalid, and cannot fallback on cache.  {"exception":"Client error response [url] https://api-addons.prestashop.com?format=json&iso_lang=vi&iso_code=VN&version=1.7.7.0&shop_url=http%3A%2F%2Flocalhost&method=listing&action=customer&username=taitatsang%40gmail.com&password=Sangdtdt96 [status code] 400 [reason phrase] Bad Request"} []
[2020-12-06 16:19:02] security.DEBUG: Stored the security token in the session. {"key":"_security_main"} []
[2020-12-06 16:19:04] request.INFO: Matched route "admin_module_notification_count". {"route":"admin_module_notification_count","route_parameters":{"_controller":"PrestaShopBundle\\Controller\\Admin\\Improve\\Modules\\AlertsController::notificationsCountAction","_legacy_controller":"AdminModulesNotifications","_legacy_link":"AdminModulesNotifications:count","_route":"admin_module_notification_count"},"request_uri":"http://localhost/prestashop/admin512cci02k/index.php/improve/modules/alerts/count?_token=0smekatgLeVs6_CCuF23ThqPg32U4yI5ECcWzcbREH8","method":"GET"} []
[2020-12-06 16:19:04] security.DEBUG: Read existing security token from the session. {"key":"_security_main","token_class":"Symfony\\Component\\Security\\Core\\Authentication\\Token\\UsernamePasswordToken"} []
[2020-12-06 16:19:04] security.DEBUG: User was reloaded from a user provider. {"provider":"PrestaShopBundle\\Security\\Admin\\EmployeeProvider","username":"taitatsang@gmail.com"} []
[2020-12-06 16:19:04] app.ERROR: The addon with id 29992 does not have name. [] []
[2020-12-06 16:19:04] app.ERROR: Data from PrestaShop Addons is invalid, and cannot fallback on cache.  {"exception":"Client error response [url] https://api-addons.prestashop.com?format=json&iso_lang=vi&iso_code=VN&version=1.7.7.0&shop_url=http%3A%2F%2Flocalhost&method=listing&action=customer&username=taitatsang%40gmail.com&password=Sangdtdt96 [status code] 400 [reason phrase] Bad Request"} []
[2020-12-06 16:19:04] security.DEBUG: Stored the security token in the session. {"key":"_security_main"} []
[2020-12-06 16:19:47] request.INFO: Matched route "admin_module_notification". {"route":"admin_module_notification","route_parameters":{"_controller":"PrestaShopBundle\\Controller\\Admin\\Improve\\Modules\\AlertsController::indexAction","_legacy_controller":"AdminModulesNotifications","_legacy_link":"AdminModulesNotifications","_route":"admin_module_notification"},"request_uri":"http://localhost/prestashop/admin512cci02k/index.php/improve/modules/alerts?_token=0smekatgLeVs6_CCuF23ThqPg32U4yI5ECcWzcbREH8","method":"GET"} []
[2020-12-06 16:19:47] security.DEBUG: Read existing security token from the session. {"key":"_security_main","token_class":"Symfony\\Component\\Security\\Core\\Authentication\\Token\\UsernamePasswordToken"} []
[2020-12-06 16:19:47] security.DEBUG: User was reloaded from a user provider. {"provider":"PrestaShopBundle\\Security\\Admin\\EmployeeProvider","username":"taitatsang@gmail.com"} []
[2020-12-06 16:19:47] app.ERROR: The addon with id 29992 does not have name. [] []
[2020-12-06 16:19:47] app.ERROR: Data from PrestaShop Addons is invalid, and cannot fallback on cache.  {"exception":"Client error response [url] https://api-addons.prestashop.com?format=json&iso_lang=vi&iso_code=VN&version=1.7.7.0&shop_url=http%3A%2F%2Flocalhost&method=listing&action=customer&username=taitatsang%40gmail.com&password=Sangdtdt96 [status code] 400 [reason phrase] Bad Request"} []
[2020-12-06 16:19:48] security.DEBUG: Stored the security token in the session. {"key":"_security_main"} []
[2020-12-06 16:19:49] request.INFO: Matched route "admin_module_notification_count". {"route":"admin_module_notification_count","route_parameters":{"_controller":"PrestaShopBundle\\Controller\\Admin\\Improve\\Modules\\AlertsController::notificationsCountAction","_legacy_controller":"AdminModulesNotifications","_legacy_link":"AdminModulesNotifications:count","_route":"admin_module_notification_count"},"request_uri":"http://localhost/prestashop/admin512cci02k/index.php/improve/modules/alerts/count?_token=0smekatgLeVs6_CCuF23ThqPg32U4yI5ECcWzcbREH8","method":"GET"} []
[2020-12-06 16:19:49] security.DEBUG: Read existing security token from the session. {"key":"_security_main","token_class":"Symfony\\Component\\Security\\Core\\Authentication\\Token\\UsernamePasswordToken"} []
[2020-12-06 16:19:49] security.DEBUG: User was reloaded from a user provider. {"provider":"PrestaShopBundle\\Security\\Admin\\EmployeeProvider","username":"taitatsang@gmail.com"} []
[2020-12-06 16:19:49] app.ERROR: The addon with id 29992 does not have name. [] []
[2020-12-06 16:19:49] app.ERROR: Data from PrestaShop Addons is invalid, and cannot fallback on cache.  {"exception":"Client error response [url] https://api-addons.prestashop.com?format=json&iso_lang=vi&iso_code=VN&version=1.7.7.0&shop_url=http%3A%2F%2Flocalhost&method=listing&action=customer&username=taitatsang%40gmail.com&password=Sangdtdt96 [status code] 400 [reason phrase] Bad Request"} []
[2020-12-06 16:19:50] security.DEBUG: Stored the security token in the session. {"key":"_security_main"} []
[2020-12-06 16:19:50] request.INFO: Matched route "admin_module_updates". {"route":"admin_module_updates","route_parameters":{"_controller":"PrestaShopBundle\\Controller\\Admin\\Improve\\Modules\\UpdatesController::indexAction","_legacy_controller":"AdminModulesUpdates","_legacy_link":"AdminModulesUpdates","_route":"admin_module_updates"},"request_uri":"http://localhost/prestashop/admin512cci02k/index.php/improve/modules/updates?_token=0smekatgLeVs6_CCuF23ThqPg32U4yI5ECcWzcbREH8","method":"GET"} []
[2020-12-06 16:19:50] security.DEBUG: Read existing security token from the session. {"key":"_security_main","token_class":"Symfony\\Component\\Security\\Core\\Authentication\\Token\\UsernamePasswordToken"} []
[2020-12-06 16:19:50] security.DEBUG: User was reloaded from a user provider. {"provider":"PrestaShopBundle\\Security\\Admin\\EmployeeProvider","username":"taitatsang@gmail.com"} []
[2020-12-06 16:19:50] app.ERROR: The addon with id 29992 does not have name. [] []
[2020-12-06 16:19:50] app.ERROR: Data from PrestaShop Addons is invalid, and cannot fallback on cache.  {"exception":"Client error response [url] https://api-addons.prestashop.com?format=json&iso_lang=vi&iso_code=VN&version=1.7.7.0&shop_url=http%3A%2F%2Flocalhost&method=listing&action=customer&username=taitatsang%40gmail.com&password=Sangdtdt96 [status code] 400 [reason phrase] Bad Request"} []
[2020-12-06 16:19:51] security.DEBUG: Stored the security token in the session. {"key":"_security_main"} []
[2020-12-06 16:19:52] request.INFO: Matched route "admin_module_notification_count". {"route":"admin_module_notification_count","route_parameters":{"_controller":"PrestaShopBundle\\Controller\\Admin\\Improve\\Modules\\AlertsController::notificationsCountAction","_legacy_controller":"AdminModulesNotifications","_legacy_link":"AdminModulesNotifications:count","_route":"admin_module_notification_count"},"request_uri":"http://localhost/prestashop/admin512cci02k/index.php/improve/modules/alerts/count?_token=0smekatgLeVs6_CCuF23ThqPg32U4yI5ECcWzcbREH8","method":"GET"} []
[2020-12-06 16:19:52] security.DEBUG: Read existing security token from the session. {"key":"_security_main","token_class":"Symfony\\Component\\Security\\Core\\Authentication\\Token\\UsernamePasswordToken"} []
[2020-12-06 16:19:52] security.DEBUG: User was reloaded from a user provider. {"provider":"PrestaShopBundle\\Security\\Admin\\EmployeeProvider","username":"taitatsang@gmail.com"} []
[2020-12-06 16:19:52] app.ERROR: The addon with id 29992 does not have name. [] []
[2020-12-06 16:19:52] app.ERROR: Data from PrestaShop Addons is invalid, and cannot fallback on cache.  {"exception":"Client error response [url] https://api-addons.prestashop.com?format=json&iso_lang=vi&iso_code=VN&version=1.7.7.0&shop_url=http%3A%2F%2Flocalhost&method=listing&action=customer&username=taitatsang%40gmail.com&password=Sangdtdt96 [status code] 400 [reason phrase] Bad Request"} []
[2020-12-06 16:19:52] security.DEBUG: Stored the security token in the session. {"key":"_security_main"} []
[2020-12-06 16:19:53] request.INFO: Matched route "admin_module_manage". {"route":"admin_module_manage","route_parameters":{"category":null,"keyword":null,"_controller":"PrestaShopBundle\\Controller\\Admin\\Improve\\ModuleController::manageAction","_legacy_controller":"AdminModulesManage","_legacy_link":["AdminModulesManage","AdminModulesSf"],"_route":"admin_module_manage"},"request_uri":"http://localhost/prestashop/admin512cci02k/index.php/improve/modules/manage?_token=0smekatgLeVs6_CCuF23ThqPg32U4yI5ECcWzcbREH8","method":"GET"} []
[2020-12-06 16:19:53] security.DEBUG: Read existing security token from the session. {"key":"_security_main","token_class":"Symfony\\Component\\Security\\Core\\Authentication\\Token\\UsernamePasswordToken"} []
[2020-12-06 16:19:53] security.DEBUG: User was reloaded from a user provider. {"provider":"PrestaShopBundle\\Security\\Admin\\EmployeeProvider","username":"taitatsang@gmail.com"} []
[2020-12-06 16:19:53] app.ERROR: The addon with id 29992 does not have name. [] []
[2020-12-06 16:19:53] app.ERROR: Data from PrestaShop Addons is invalid, and cannot fallback on cache.  {"exception":"Client error response [url] https://api-addons.prestashop.com?format=json&iso_lang=vi&iso_code=VN&version=1.7.7.0&shop_url=http%3A%2F%2Flocalhost&method=listing&action=customer&username=taitatsang%40gmail.com&password=Sangdtdt96 [status code] 400 [reason phrase] Bad Request"} []
[2020-12-06 16:19:54] security.DEBUG: Stored the security token in the session. {"key":"_security_main"} []
[2020-12-06 16:19:54] request.INFO: Matched route "admin_module_manage". {"route":"admin_module_manage","route_parameters":{"category":null,"keyword":null,"_controller":"PrestaShopBundle\\Controller\\Admin\\Improve\\ModuleController::manageAction","_legacy_controller":"AdminModulesManage","_legacy_link":["AdminModulesManage","AdminModulesSf"],"_route":"admin_module_manage"},"request_uri":"http://localhost/prestashop/admin512cci02k/index.php/improve/modules/manage?_token=0smekatgLeVs6_CCuF23ThqPg32U4yI5ECcWzcbREH8","method":"GET"} []
[2020-12-06 16:19:54] security.DEBUG: Read existing security token from the session. {"key":"_security_main","token_class":"Symfony\\Component\\Security\\Core\\Authentication\\Token\\UsernamePasswordToken"} []
[2020-12-06 16:19:54] security.DEBUG: User was reloaded from a user provider. {"provider":"PrestaShopBundle\\Security\\Admin\\EmployeeProvider","username":"taitatsang@gmail.com"} []
[2020-12-06 16:19:55] app.ERROR: The addon with id 29992 does not have name. [] []
[2020-12-06 16:19:55] app.ERROR: Data from PrestaShop Addons is invalid, and cannot fallback on cache.  {"exception":"Client error response [url] https://api-addons.prestashop.com?format=json&iso_lang=vi&iso_code=VN&version=1.7.7.0&shop_url=http%3A%2F%2Flocalhost&method=listing&action=customer&username=taitatsang%40gmail.com&password=Sangdtdt96 [status code] 400 [reason phrase] Bad Request"} []
[2020-12-06 16:19:55] security.DEBUG: Stored the security token in the session. {"key":"_security_main"} []
[2020-12-06 16:19:57] request.INFO: Matched route "admin_module_notification_count". {"route":"admin_module_notification_count","route_parameters":{"_controller":"PrestaShopBundle\\Controller\\Admin\\Improve\\Modules\\AlertsController::notificationsCountAction","_legacy_controller":"AdminModulesNotifications","_legacy_link":"AdminModulesNotifications:count","_route":"admin_module_notification_count"},"request_uri":"http://localhost/prestashop/admin512cci02k/index.php/improve/modules/alerts/count?_token=0smekatgLeVs6_CCuF23ThqPg32U4yI5ECcWzcbREH8","method":"GET"} []
[2020-12-06 16:19:57] security.DEBUG: Read existing security token from the session. {"key":"_security_main","token_class":"Symfony\\Component\\Security\\Core\\Authentication\\Token\\UsernamePasswordToken"} []
[2020-12-06 16:19:57] security.DEBUG: User was reloaded from a user provider. {"provider":"PrestaShopBundle\\Security\\Admin\\EmployeeProvider","username":"taitatsang@gmail.com"} []
[2020-12-06 16:19:57] app.ERROR: The addon with id 29992 does not have name. [] []
[2020-12-06 16:19:57] app.ERROR: Data from PrestaShop Addons is invalid, and cannot fallback on cache.  {"exception":"Client error response [url] https://api-addons.prestashop.com?format=json&iso_lang=vi&iso_code=VN&version=1.7.7.0&shop_url=http%3A%2F%2Flocalhost&method=listing&action=customer&username=taitatsang%40gmail.com&password=Sangdtdt96 [status code] 400 [reason phrase] Bad Request"} []
[2020-12-06 16:19:57] security.DEBUG: Stored the security token in the session. {"key":"_security_main"} []
[2020-12-06 16:20:27] request.INFO: Matched route "admin_module_catalog_refresh". {"route":"admin_module_catalog_refresh","route_parameters":{"category":null,"keyword":null,"_controller":"PrestaShopBundle\\Controller\\Admin\\Improve\\ModuleController::refreshCatalogAction","_legacy_controller":"AdminModulesCatalog","_legacy_link":"AdminModulesCatalog:refresh","_route":"admin_module_catalog_refresh"},"request_uri":"http://localhost/prestashop/admin512cci02k/index.php/improve/modules/catalog/refresh?_token=0smekatgLeVs6_CCuF23ThqPg32U4yI5ECcWzcbREH8","method":"GET"} []
[2020-12-06 16:20:27] security.DEBUG: Read existing security token from the session. {"key":"_security_main","token_class":"Symfony\\Component\\Security\\Core\\Authentication\\Token\\UsernamePasswordToken"} []
[2020-12-06 16:20:27] security.DEBUG: User was reloaded from a user provider. {"provider":"PrestaShopBundle\\Security\\Admin\\EmployeeProvider","username":"taitatsang@gmail.com"} []
[2020-12-06 16:20:28] app.ERROR: The addon with id 29992 does not have name. [] []
[2020-12-06 16:20:28] app.ERROR: Data from PrestaShop Addons is invalid, and cannot fallback on cache.  {"exception":"Client error response [url] https://api-addons.prestashop.com?format=json&iso_lang=vi&iso_code=VN&version=1.7.7.0&shop_url=http%3A%2F%2Flocalhost&method=listing&action=customer&username=taitatsang%40gmail.com&password=Sangdtdt96 [status code] 400 [reason phrase] Bad Request"} []
[2020-12-06 16:20:28] security.DEBUG: Stored the security token in the session. {"key":"_security_main"} []
[2020-12-06 16:20:27] request.INFO: Matched route "admin_module_notification_count". {"route":"admin_module_notification_count","route_parameters":{"_controller":"PrestaShopBundle\\Controller\\Admin\\Improve\\Modules\\AlertsController::notificationsCountAction","_legacy_controller":"AdminModulesNotifications","_legacy_link":"AdminModulesNotifications:count","_route":"admin_module_notification_count"},"request_uri":"http://localhost/prestashop/admin512cci02k/index.php/improve/modules/alerts/count?_token=0smekatgLeVs6_CCuF23ThqPg32U4yI5ECcWzcbREH8","method":"GET"} []
[2020-12-06 16:20:28] security.DEBUG: Read existing security token from the session. {"key":"_security_main","token_class":"Symfony\\Component\\Security\\Core\\Authentication\\Token\\UsernamePasswordToken"} []
[2020-12-06 16:20:28] security.DEBUG: User was reloaded from a user provider. {"provider":"PrestaShopBundle\\Security\\Admin\\EmployeeProvider","username":"taitatsang@gmail.com"} []
[2020-12-06 16:20:28] app.ERROR: The addon with id 29992 does not have name. [] []
[2020-12-06 16:20:28] app.ERROR: Data from PrestaShop Addons is invalid, and cannot fallback on cache.  {"exception":"Client error response [url] https://api-addons.prestashop.com?format=json&iso_lang=vi&iso_code=VN&version=1.7.7.0&shop_url=http%3A%2F%2Flocalhost&method=listing&action=customer&username=taitatsang%40gmail.com&password=Sangdtdt96 [status code] 400 [reason phrase] Bad Request"} []
[2020-12-06 16:20:29] security.DEBUG: Stored the security token in the session. {"key":"_security_main"} []
[2020-12-06 16:20:32] request.INFO: Matched route "admin_module_manage". {"route":"admin_module_manage","route_parameters":{"category":null,"keyword":null,"_controller":"PrestaShopBundle\\Controller\\Admin\\Improve\\ModuleController::manageAction","_legacy_controller":"AdminModulesManage","_legacy_link":["AdminModulesManage","AdminModulesSf"],"_route":"admin_module_manage"},"request_uri":"http://localhost/prestashop/admin512cci02k/index.php/improve/modules/manage?_token=0smekatgLeVs6_CCuF23ThqPg32U4yI5ECcWzcbREH8","method":"GET"} []
[2020-12-06 16:20:32] security.DEBUG: Read existing security token from the session. {"key":"_security_main","token_class":"Symfony\\Component\\Security\\Core\\Authentication\\Token\\UsernamePasswordToken"} []
[2020-12-06 16:20:32] security.DEBUG: User was reloaded from a user provider. {"provider":"PrestaShopBundle\\Security\\Admin\\EmployeeProvider","username":"taitatsang@gmail.com"} []
[2020-12-06 16:20:32] app.ERROR: The addon with id 29992 does not have name. [] []
[2020-12-06 16:20:32] app.ERROR: Data from PrestaShop Addons is invalid, and cannot fallback on cache.  {"exception":"Client error response [url] https://api-addons.prestashop.com?format=json&iso_lang=vi&iso_code=VN&version=1.7.7.0&shop_url=http%3A%2F%2Flocalhost&method=listing&action=customer&username=taitatsang%40gmail.com&password=Sangdtdt96 [status code] 400 [reason phrase] Bad Request"} []
[2020-12-06 16:20:32] security.DEBUG: Stored the security token in the session. {"key":"_security_main"} []
[2020-12-06 16:20:34] request.INFO: Matched route "admin_module_notification_count". {"route":"admin_module_notification_count","route_parameters":{"_controller":"PrestaShopBundle\\Controller\\Admin\\Improve\\Modules\\AlertsController::notificationsCountAction","_legacy_controller":"AdminModulesNotifications","_legacy_link":"AdminModulesNotifications:count","_route":"admin_module_notification_count"},"request_uri":"http://localhost/prestashop/admin512cci02k/index.php/improve/modules/alerts/count?_token=0smekatgLeVs6_CCuF23ThqPg32U4yI5ECcWzcbREH8","method":"GET"} []
[2020-12-06 16:20:34] security.DEBUG: Read existing security token from the session. {"key":"_security_main","token_class":"Symfony\\Component\\Security\\Core\\Authentication\\Token\\UsernamePasswordToken"} []
[2020-12-06 16:20:34] security.DEBUG: User was reloaded from a user provider. {"provider":"PrestaShopBundle\\Security\\Admin\\EmployeeProvider","username":"taitatsang@gmail.com"} []
[2020-12-06 16:20:34] app.ERROR: The addon with id 29992 does not have name. [] []
[2020-12-06 16:20:34] app.ERROR: Data from PrestaShop Addons is invalid, and cannot fallback on cache.  {"exception":"Client error response [url] https://api-addons.prestashop.com?format=json&iso_lang=vi&iso_code=VN&version=1.7.7.0&shop_url=http%3A%2F%2Flocalhost&method=listing&action=customer&username=taitatsang%40gmail.com&password=Sangdtdt96 [status code] 400 [reason phrase] Bad Request"} []
[2020-12-06 16:20:35] security.DEBUG: Stored the security token in the session. {"key":"_security_main"} []
[2020-12-06 16:21:43] request.INFO: Matched route "admin_module_manage". {"route":"admin_module_manage","route_parameters":{"category":null,"keyword":null,"_controller":"PrestaShopBundle\\Controller\\Admin\\Improve\\ModuleController::manageAction","_legacy_controller":"AdminModulesManage","_legacy_link":["AdminModulesManage","AdminModulesSf"],"_route":"admin_module_manage"},"request_uri":"http://localhost/prestashop/admin512cci02k/index.php/improve/modules/manage?_token=0smekatgLeVs6_CCuF23ThqPg32U4yI5ECcWzcbREH8","method":"GET"} []
[2020-12-06 16:21:43] security.DEBUG: Read existing security token from the session. {"key":"_security_main","token_class":"Symfony\\Component\\Security\\Core\\Authentication\\Token\\UsernamePasswordToken"} []
[2020-12-06 16:21:43] security.DEBUG: User was reloaded from a user provider. {"provider":"PrestaShopBundle\\Security\\Admin\\EmployeeProvider","username":"taitatsang@gmail.com"} []
[2020-12-06 16:21:44] app.ERROR: The addon with id 29992 does not have name. [] []
[2020-12-06 16:21:44] app.ERROR: Data from PrestaShop Addons is invalid, and cannot fallback on cache.  {"exception":"Client error response [url] https://api-addons.prestashop.com?format=json&iso_lang=vi&iso_code=VN&version=1.7.7.0&shop_url=http%3A%2F%2Flocalhost&method=listing&action=customer&username=taitatsang%40gmail.com&password=Sangdtdt96 [status code] 400 [reason phrase] Bad Request"} []
[2020-12-06 16:21:44] security.DEBUG: Stored the security token in the session. {"key":"_security_main"} []
[2020-12-06 16:21:46] request.INFO: Matched route "admin_module_notification_count". {"route":"admin_module_notification_count","route_parameters":{"_controller":"PrestaShopBundle\\Controller\\Admin\\Improve\\Modules\\AlertsController::notificationsCountAction","_legacy_controller":"AdminModulesNotifications","_legacy_link":"AdminModulesNotifications:count","_route":"admin_module_notification_count"},"request_uri":"http://localhost/prestashop/admin512cci02k/index.php/improve/modules/alerts/count?_token=0smekatgLeVs6_CCuF23ThqPg32U4yI5ECcWzcbREH8","method":"GET"} []
[2020-12-06 16:21:46] security.DEBUG: Read existing security token from the session. {"key":"_security_main","token_class":"Symfony\\Component\\Security\\Core\\Authentication\\Token\\UsernamePasswordToken"} []
[2020-12-06 16:21:46] security.DEBUG: User was reloaded from a user provider. {"provider":"PrestaShopBundle\\Security\\Admin\\EmployeeProvider","username":"taitatsang@gmail.com"} []
[2020-12-06 16:21:46] app.ERROR: The addon with id 29992 does not have name. [] []
[2020-12-06 16:21:46] app.ERROR: Data from PrestaShop Addons is invalid, and cannot fallback on cache.  {"exception":"Client error response [url] https://api-addons.prestashop.com?format=json&iso_lang=vi&iso_code=VN&version=1.7.7.0&shop_url=http%3A%2F%2Flocalhost&method=listing&action=customer&username=taitatsang%40gmail.com&password=Sangdtdt96 [status code] 400 [reason phrase] Bad Request"} []
[2020-12-06 16:21:46] security.DEBUG: Stored the security token in the session. {"key":"_security_main"} []
[2020-12-06 16:29:26] request.INFO: Matched route "admin_product_form". {"route":"admin_product_form","route_parameters":{"_controller":"PrestaShopBundle\\Controller\\Admin\\ProductController::formAction","_legacy_controller":"AdminProducts","_legacy_param_mapper_class":"PrestaShop\\PrestaShop\\Adapter\\Product\\AdminProductDataProvider","_legacy_param_mapper_method":"mapLegacyParametersProductForm","id":"23","_route":"admin_product_form"},"request_uri":"http://localhost/prestashop/admin512cci02k/index.php/sell/catalog/products/23?_token=0smekatgLeVs6_CCuF23ThqPg32U4yI5ECcWzcbREH8","method":"GET"} []
[2020-12-06 16:29:26] security.DEBUG: Read existing security token from the session. {"key":"_security_main","token_class":"Symfony\\Component\\Security\\Core\\Authentication\\Token\\UsernamePasswordToken"} []
[2020-12-06 16:29:26] security.DEBUG: User was reloaded from a user provider. {"provider":"PrestaShopBundle\\Security\\Admin\\EmployeeProvider","username":"taitatsang@gmail.com"} []
[2020-12-06 16:29:27] app.ERROR: The addon with id 29992 does not have name. [] []
[2020-12-06 16:29:27] app.ERROR: Data from PrestaShop Addons is invalid, and cannot fallback on cache.  {"exception":"Client error response [url] https://api-addons.prestashop.com?format=json&iso_lang=vi&iso_code=VN&version=1.7.7.0&shop_url=http%3A%2F%2Flocalhost&method=listing&action=customer&username=taitatsang%40gmail.com&password=Sangdtdt96 [status code] 400 [reason phrase] Bad Request"} []
[2020-12-06 16:29:28] security.DEBUG: Stored the security token in the session. {"key":"_security_main"} []
[2020-12-06 16:31:15] request.INFO: Matched route "admin_product_form". {"route":"admin_product_form","route_parameters":{"_controller":"PrestaShopBundle\\Controller\\Admin\\ProductController::formAction","_legacy_controller":"AdminProducts","_legacy_param_mapper_class":"PrestaShop\\PrestaShop\\Adapter\\Product\\AdminProductDataProvider","_legacy_param_mapper_method":"mapLegacyParametersProductForm","id":"24","_route":"admin_product_form"},"request_uri":"http://localhost/prestashop/admin512cci02k/index.php/sell/catalog/products/24?_token=0smekatgLeVs6_CCuF23ThqPg32U4yI5ECcWzcbREH8","method":"GET"} []
[2020-12-06 16:31:15] security.DEBUG: Read existing security token from the session. {"key":"_security_main","token_class":"Symfony\\Component\\Security\\Core\\Authentication\\Token\\UsernamePasswordToken"} []
[2020-12-06 16:31:15] security.DEBUG: User was reloaded from a user provider. {"provider":"PrestaShopBundle\\Security\\Admin\\EmployeeProvider","username":"taitatsang@gmail.com"} []
[2020-12-06 16:31:16] app.ERROR: The addon with id 29992 does not have name. [] []
[2020-12-06 16:31:16] app.ERROR: Data from PrestaShop Addons is invalid, and cannot fallback on cache.  {"exception":"Client error response [url] https://api-addons.prestashop.com?format=json&iso_lang=vi&iso_code=VN&version=1.7.7.0&shop_url=http%3A%2F%2Flocalhost&method=listing&action=customer&username=taitatsang%40gmail.com&password=Sangdtdt96 [status code] 400 [reason phrase] Bad Request"} []
[2020-12-06 16:31:16] security.DEBUG: Stored the security token in the session. {"key":"_security_main"} []
[2020-12-06 16:31:22] request.INFO: Matched route "admin_product_form". {"route":"admin_product_form","route_parameters":{"_controller":"PrestaShopBundle\\Controller\\Admin\\ProductController::formAction","_legacy_controller":"AdminProducts","_legacy_param_mapper_class":"PrestaShop\\PrestaShop\\Adapter\\Product\\AdminProductDataProvider","_legacy_param_mapper_method":"mapLegacyParametersProductForm","id":"25","_route":"admin_product_form"},"request_uri":"http://localhost/prestashop/admin512cci02k/index.php/sell/catalog/products/25?_token=0smekatgLeVs6_CCuF23ThqPg32U4yI5ECcWzcbREH8","method":"GET"} []
[2020-12-06 16:31:22] security.DEBUG: Read existing security token from the session. {"key":"_security_main","token_class":"Symfony\\Component\\Security\\Core\\Authentication\\Token\\UsernamePasswordToken"} []
[2020-12-06 16:31:22] security.DEBUG: User was reloaded from a user provider. {"provider":"PrestaShopBundle\\Security\\Admin\\EmployeeProvider","username":"taitatsang@gmail.com"} []
[2020-12-06 16:31:22] app.ERROR: The addon with id 29992 does not have name. [] []
[2020-12-06 16:31:23] app.ERROR: Data from PrestaShop Addons is invalid, and cannot fallback on cache.  {"exception":"Client error response [url] https://api-addons.prestashop.com?format=json&iso_lang=vi&iso_code=VN&version=1.7.7.0&shop_url=http%3A%2F%2Flocalhost&method=listing&action=customer&username=taitatsang%40gmail.com&password=Sangdtdt96 [status code] 400 [reason phrase] Bad Request"} []
[2020-12-06 16:31:23] security.DEBUG: Stored the security token in the session. {"key":"_security_main"} []
[2020-12-06 16:32:14] request.INFO: Matched route "admin_product_form". {"route":"admin_product_form","route_parameters":{"_controller":"PrestaShopBundle\\Controller\\Admin\\ProductController::formAction","_legacy_controller":"AdminProducts","_legacy_param_mapper_class":"PrestaShop\\PrestaShop\\Adapter\\Product\\AdminProductDataProvider","_legacy_param_mapper_method":"mapLegacyParametersProductForm","id":"24","_route":"admin_product_form"},"request_uri":"http://localhost/prestashop/admin512cci02k/index.php/sell/catalog/products/24?_token=0smekatgLeVs6_CCuF23ThqPg32U4yI5ECcWzcbREH8","method":"GET"} []
[2020-12-06 16:32:14] security.DEBUG: Read existing security token from the session. {"key":"_security_main","token_class":"Symfony\\Component\\Security\\Core\\Authentication\\Token\\UsernamePasswordToken"} []
[2020-12-06 16:32:14] security.DEBUG: User was reloaded from a user provider. {"provider":"PrestaShopBundle\\Security\\Admin\\EmployeeProvider","username":"taitatsang@gmail.com"} []
[2020-12-06 16:32:15] app.ERROR: The addon with id 29992 does not have name. [] []
[2020-12-06 16:32:15] app.ERROR: Data from PrestaShop Addons is invalid, and cannot fallback on cache.  {"exception":"Client error response [url] https://api-addons.prestashop.com?format=json&iso_lang=vi&iso_code=VN&version=1.7.7.0&shop_url=http%3A%2F%2Flocalhost&method=listing&action=customer&username=taitatsang%40gmail.com&password=Sangdtdt96 [status code] 400 [reason phrase] Bad Request"} []
[2020-12-06 16:32:15] security.DEBUG: Stored the security token in the session. {"key":"_security_main"} []
[2020-12-06 16:34:26] request.INFO: Matched route "admin_product_form". {"route":"admin_product_form","route_parameters":{"_controller":"PrestaShopBundle\\Controller\\Admin\\ProductController::formAction","_legacy_controller":"AdminProducts","_legacy_param_mapper_class":"PrestaShop\\PrestaShop\\Adapter\\Product\\AdminProductDataProvider","_legacy_param_mapper_method":"mapLegacyParametersProductForm","id":"25","_route":"admin_product_form"},"request_uri":"http://localhost/prestashop/admin512cci02k/index.php/sell/catalog/products/25?_token=0smekatgLeVs6_CCuF23ThqPg32U4yI5ECcWzcbREH8","method":"GET"} []
[2020-12-06 16:34:26] security.DEBUG: Read existing security token from the session. {"key":"_security_main","token_class":"Symfony\\Component\\Security\\Core\\Authentication\\Token\\UsernamePasswordToken"} []
[2020-12-06 16:34:26] security.DEBUG: User was reloaded from a user provider. {"provider":"PrestaShopBundle\\Security\\Admin\\EmployeeProvider","username":"taitatsang@gmail.com"} []
[2020-12-06 16:34:27] app.ERROR: The addon with id 29992 does not have name. [] []
[2020-12-06 16:34:27] app.ERROR: Data from PrestaShop Addons is invalid, and cannot fallback on cache.  {"exception":"Client error response [url] https://api-addons.prestashop.com?format=json&iso_lang=vi&iso_code=VN&version=1.7.7.0&shop_url=http%3A%2F%2Flocalhost&method=listing&action=customer&username=taitatsang%40gmail.com&password=Sangdtdt96 [status code] 400 [reason phrase] Bad Request"} []
[2020-12-06 16:34:27] security.DEBUG: Stored the security token in the session. {"key":"_security_main"} []
